2021-04-13 13:44:17 | loading vocab...
2021-04-13 13:44:17 | loading data...
2021-04-13 13:44:17 | building model...
2021-04-13 13:44:17 | {
  "attention_probs_dropout_prob": 0.1,
  "directionality": "bidi",
  "hidden_act": "gelu",
  "hidden_dropout_prob": 0.1,
  "hidden_size": 768,
  "initializer_range": 0.02,
  "intermediate_size": 3072,
  "max_position_embeddings": 512,
  "num_attention_heads": 12,
  "num_hidden_layers": 12,
  "pooler_fc_size": 768,
  "pooler_num_attention_heads": 12,
  "pooler_num_fc_layers": 3,
  "pooler_size_per_head": 128,
  "pooler_type": "first_token_transform",
  "type_vocab_size": 2,
  "vocab_size": 21128
}

2021-04-13 13:44:26 | model params:
2021-04-13 13:44:26 | 	 bert/embeddings/word_embeddings:0 (21128, 768) 16226304
2021-04-13 13:44:26 | 	 bert/embeddings/token_type_embeddings:0 (2, 768) 1536
2021-04-13 13:44:26 | 	 bert/embeddings/position_embeddings:0 (512, 768) 393216
2021-04-13 13:44:26 | 	 bert/embeddings/LayerNorm/beta:0 (768,) 768
2021-04-13 13:44:26 | 	 bert/embeddings/LayerNorm/gamma:0 (768,) 768
2021-04-13 13:44:26 | 	 bert/encoder/layer_0/attention/self/query/kernel:0 (768, 768) 589824
2021-04-13 13:44:26 | 	 bert/encoder/layer_0/attention/self/query/bias:0 (768,) 768
2021-04-13 13:44:26 | 	 bert/encoder/layer_0/attention/self/key/kernel:0 (768, 768) 589824
2021-04-13 13:44:26 | 	 bert/encoder/layer_0/attention/self/key/bias:0 (768,) 768
2021-04-13 13:44:26 | 	 bert/encoder/layer_0/attention/self/value/kernel:0 (768, 768) 589824
2021-04-13 13:44:26 | 	 bert/encoder/layer_0/attention/self/value/bias:0 (768,) 768
2021-04-13 13:44:26 | 	 bert/encoder/layer_0/attention/output/dense/kernel:0 (768, 768) 589824
2021-04-13 13:44:26 | 	 bert/encoder/layer_0/attention/output/dense/bias:0 (768,) 768
2021-04-13 13:44:26 | 	 bert/encoder/layer_0/attention/output/LayerNorm/beta:0 (768,) 768
2021-04-13 13:44:26 | 	 bert/encoder/layer_0/attention/output/LayerNorm/gamma:0 (768,) 768
2021-04-13 13:44:26 | 	 bert/encoder/layer_0/intermediate/dense/kernel:0 (768, 3072) 2359296
2021-04-13 13:44:26 | 	 bert/encoder/layer_0/intermediate/dense/bias:0 (3072,) 3072
2021-04-13 13:44:26 | 	 bert/encoder/layer_0/output/dense/kernel:0 (3072, 768) 2359296
2021-04-13 13:44:26 | 	 bert/encoder/layer_0/output/dense/bias:0 (768,) 768
2021-04-13 13:44:26 | 	 bert/encoder/layer_0/output/LayerNorm/beta:0 (768,) 768
2021-04-13 13:44:26 | 	 bert/encoder/layer_0/output/LayerNorm/gamma:0 (768,) 768
2021-04-13 13:44:26 | 	 bert/encoder/layer_1/attention/self/query/kernel:0 (768, 768) 589824
2021-04-13 13:44:26 | 	 bert/encoder/layer_1/attention/self/query/bias:0 (768,) 768
2021-04-13 13:44:26 | 	 bert/encoder/layer_1/attention/self/key/kernel:0 (768, 768) 589824
2021-04-13 13:44:26 | 	 bert/encoder/layer_1/attention/self/key/bias:0 (768,) 768
2021-04-13 13:44:26 | 	 bert/encoder/layer_1/attention/self/value/kernel:0 (768, 768) 589824
2021-04-13 13:44:26 | 	 bert/encoder/layer_1/attention/self/value/bias:0 (768,) 768
2021-04-13 13:44:26 | 	 bert/encoder/layer_1/attention/output/dense/kernel:0 (768, 768) 589824
2021-04-13 13:44:26 | 	 bert/encoder/layer_1/attention/output/dense/bias:0 (768,) 768
2021-04-13 13:44:26 | 	 bert/encoder/layer_1/attention/output/LayerNorm/beta:0 (768,) 768
2021-04-13 13:44:26 | 	 bert/encoder/layer_1/attention/output/LayerNorm/gamma:0 (768,) 768
2021-04-13 13:44:26 | 	 bert/encoder/layer_1/intermediate/dense/kernel:0 (768, 3072) 2359296
2021-04-13 13:44:26 | 	 bert/encoder/layer_1/intermediate/dense/bias:0 (3072,) 3072
2021-04-13 13:44:26 | 	 bert/encoder/layer_1/output/dense/kernel:0 (3072, 768) 2359296
2021-04-13 13:44:26 | 	 bert/encoder/layer_1/output/dense/bias:0 (768,) 768
2021-04-13 13:44:26 | 	 bert/encoder/layer_1/output/LayerNorm/beta:0 (768,) 768
2021-04-13 13:44:26 | 	 bert/encoder/layer_1/output/LayerNorm/gamma:0 (768,) 768
2021-04-13 13:44:26 | 	 bert/encoder/layer_2/attention/self/query/kernel:0 (768, 768) 589824
2021-04-13 13:44:26 | 	 bert/encoder/layer_2/attention/self/query/bias:0 (768,) 768
2021-04-13 13:44:26 | 	 bert/encoder/layer_2/attention/self/key/kernel:0 (768, 768) 589824
2021-04-13 13:44:26 | 	 bert/encoder/layer_2/attention/self/key/bias:0 (768,) 768
2021-04-13 13:44:26 | 	 bert/encoder/layer_2/attention/self/value/kernel:0 (768, 768) 589824
2021-04-13 13:44:26 | 	 bert/encoder/layer_2/attention/self/value/bias:0 (768,) 768
2021-04-13 13:44:26 | 	 bert/encoder/layer_2/attention/output/dense/kernel:0 (768, 768) 589824
2021-04-13 13:44:26 | 	 bert/encoder/layer_2/attention/output/dense/bias:0 (768,) 768
2021-04-13 13:44:26 | 	 bert/encoder/layer_2/attention/output/LayerNorm/beta:0 (768,) 768
2021-04-13 13:44:26 | 	 bert/encoder/layer_2/attention/output/LayerNorm/gamma:0 (768,) 768
2021-04-13 13:44:26 | 	 bert/encoder/layer_2/intermediate/dense/kernel:0 (768, 3072) 2359296
2021-04-13 13:44:26 | 	 bert/encoder/layer_2/intermediate/dense/bias:0 (3072,) 3072
2021-04-13 13:44:26 | 	 bert/encoder/layer_2/output/dense/kernel:0 (3072, 768) 2359296
2021-04-13 13:44:26 | 	 bert/encoder/layer_2/output/dense/bias:0 (768,) 768
2021-04-13 13:44:26 | 	 bert/encoder/layer_2/output/LayerNorm/beta:0 (768,) 768
2021-04-13 13:44:26 | 	 bert/encoder/layer_2/output/LayerNorm/gamma:0 (768,) 768
2021-04-13 13:44:26 | 	 bert/encoder/layer_3/attention/self/query/kernel:0 (768, 768) 589824
2021-04-13 13:44:26 | 	 bert/encoder/layer_3/attention/self/query/bias:0 (768,) 768
2021-04-13 13:44:26 | 	 bert/encoder/layer_3/attention/self/key/kernel:0 (768, 768) 589824
2021-04-13 13:44:26 | 	 bert/encoder/layer_3/attention/self/key/bias:0 (768,) 768
2021-04-13 13:44:26 | 	 bert/encoder/layer_3/attention/self/value/kernel:0 (768, 768) 589824
2021-04-13 13:44:26 | 	 bert/encoder/layer_3/attention/self/value/bias:0 (768,) 768
2021-04-13 13:44:26 | 	 bert/encoder/layer_3/attention/output/dense/kernel:0 (768, 768) 589824
2021-04-13 13:44:26 | 	 bert/encoder/layer_3/attention/output/dense/bias:0 (768,) 768
2021-04-13 13:44:26 | 	 bert/encoder/layer_3/attention/output/LayerNorm/beta:0 (768,) 768
2021-04-13 13:44:26 | 	 bert/encoder/layer_3/attention/output/LayerNorm/gamma:0 (768,) 768
2021-04-13 13:44:26 | 	 bert/encoder/layer_3/intermediate/dense/kernel:0 (768, 3072) 2359296
2021-04-13 13:44:26 | 	 bert/encoder/layer_3/intermediate/dense/bias:0 (3072,) 3072
2021-04-13 13:44:26 | 	 bert/encoder/layer_3/output/dense/kernel:0 (3072, 768) 2359296
2021-04-13 13:44:26 | 	 bert/encoder/layer_3/output/dense/bias:0 (768,) 768
2021-04-13 13:44:26 | 	 bert/encoder/layer_3/output/LayerNorm/beta:0 (768,) 768
2021-04-13 13:44:26 | 	 bert/encoder/layer_3/output/LayerNorm/gamma:0 (768,) 768
2021-04-13 13:44:26 | 	 bert/encoder/layer_4/attention/self/query/kernel:0 (768, 768) 589824
2021-04-13 13:44:26 | 	 bert/encoder/layer_4/attention/self/query/bias:0 (768,) 768
2021-04-13 13:44:26 | 	 bert/encoder/layer_4/attention/self/key/kernel:0 (768, 768) 589824
2021-04-13 13:44:26 | 	 bert/encoder/layer_4/attention/self/key/bias:0 (768,) 768
2021-04-13 13:44:26 | 	 bert/encoder/layer_4/attention/self/value/kernel:0 (768, 768) 589824
2021-04-13 13:44:26 | 	 bert/encoder/layer_4/attention/self/value/bias:0 (768,) 768
2021-04-13 13:44:26 | 	 bert/encoder/layer_4/attention/output/dense/kernel:0 (768, 768) 589824
2021-04-13 13:44:26 | 	 bert/encoder/layer_4/attention/output/dense/bias:0 (768,) 768
2021-04-13 13:44:26 | 	 bert/encoder/layer_4/attention/output/LayerNorm/beta:0 (768,) 768
2021-04-13 13:44:26 | 	 bert/encoder/layer_4/attention/output/LayerNorm/gamma:0 (768,) 768
2021-04-13 13:44:26 | 	 bert/encoder/layer_4/intermediate/dense/kernel:0 (768, 3072) 2359296
2021-04-13 13:44:26 | 	 bert/encoder/layer_4/intermediate/dense/bias:0 (3072,) 3072
2021-04-13 13:44:26 | 	 bert/encoder/layer_4/output/dense/kernel:0 (3072, 768) 2359296
2021-04-13 13:44:26 | 	 bert/encoder/layer_4/output/dense/bias:0 (768,) 768
2021-04-13 13:44:26 | 	 bert/encoder/layer_4/output/LayerNorm/beta:0 (768,) 768
2021-04-13 13:44:26 | 	 bert/encoder/layer_4/output/LayerNorm/gamma:0 (768,) 768
2021-04-13 13:44:26 | 	 bert/encoder/layer_5/attention/self/query/kernel:0 (768, 768) 589824
2021-04-13 13:44:26 | 	 bert/encoder/layer_5/attention/self/query/bias:0 (768,) 768
2021-04-13 13:44:26 | 	 bert/encoder/layer_5/attention/self/key/kernel:0 (768, 768) 589824
2021-04-13 13:44:26 | 	 bert/encoder/layer_5/attention/self/key/bias:0 (768,) 768
2021-04-13 13:44:26 | 	 bert/encoder/layer_5/attention/self/value/kernel:0 (768, 768) 589824
2021-04-13 13:44:26 | 	 bert/encoder/layer_5/attention/self/value/bias:0 (768,) 768
2021-04-13 13:44:26 | 	 bert/encoder/layer_5/attention/output/dense/kernel:0 (768, 768) 589824
2021-04-13 13:44:26 | 	 bert/encoder/layer_5/attention/output/dense/bias:0 (768,) 768
2021-04-13 13:44:26 | 	 bert/encoder/layer_5/attention/output/LayerNorm/beta:0 (768,) 768
2021-04-13 13:44:26 | 	 bert/encoder/layer_5/attention/output/LayerNorm/gamma:0 (768,) 768
2021-04-13 13:44:26 | 	 bert/encoder/layer_5/intermediate/dense/kernel:0 (768, 3072) 2359296
2021-04-13 13:44:26 | 	 bert/encoder/layer_5/intermediate/dense/bias:0 (3072,) 3072
2021-04-13 13:44:26 | 	 bert/encoder/layer_5/output/dense/kernel:0 (3072, 768) 2359296
2021-04-13 13:44:26 | 	 bert/encoder/layer_5/output/dense/bias:0 (768,) 768
2021-04-13 13:44:26 | 	 bert/encoder/layer_5/output/LayerNorm/beta:0 (768,) 768
2021-04-13 13:44:26 | 	 bert/encoder/layer_5/output/LayerNorm/gamma:0 (768,) 768
2021-04-13 13:44:26 | 	 bert/encoder/layer_6/attention/self/query/kernel:0 (768, 768) 589824
2021-04-13 13:44:26 | 	 bert/encoder/layer_6/attention/self/query/bias:0 (768,) 768
2021-04-13 13:44:26 | 	 bert/encoder/layer_6/attention/self/key/kernel:0 (768, 768) 589824
2021-04-13 13:44:26 | 	 bert/encoder/layer_6/attention/self/key/bias:0 (768,) 768
2021-04-13 13:44:26 | 	 bert/encoder/layer_6/attention/self/value/kernel:0 (768, 768) 589824
2021-04-13 13:44:26 | 	 bert/encoder/layer_6/attention/self/value/bias:0 (768,) 768
2021-04-13 13:44:26 | 	 bert/encoder/layer_6/attention/output/dense/kernel:0 (768, 768) 589824
2021-04-13 13:44:26 | 	 bert/encoder/layer_6/attention/output/dense/bias:0 (768,) 768
2021-04-13 13:44:26 | 	 bert/encoder/layer_6/attention/output/LayerNorm/beta:0 (768,) 768
2021-04-13 13:44:26 | 	 bert/encoder/layer_6/attention/output/LayerNorm/gamma:0 (768,) 768
2021-04-13 13:44:26 | 	 bert/encoder/layer_6/intermediate/dense/kernel:0 (768, 3072) 2359296
2021-04-13 13:44:26 | 	 bert/encoder/layer_6/intermediate/dense/bias:0 (3072,) 3072
2021-04-13 13:44:26 | 	 bert/encoder/layer_6/output/dense/kernel:0 (3072, 768) 2359296
2021-04-13 13:44:26 | 	 bert/encoder/layer_6/output/dense/bias:0 (768,) 768
2021-04-13 13:44:26 | 	 bert/encoder/layer_6/output/LayerNorm/beta:0 (768,) 768
2021-04-13 13:44:26 | 	 bert/encoder/layer_6/output/LayerNorm/gamma:0 (768,) 768
2021-04-13 13:44:26 | 	 bert/encoder/layer_7/attention/self/query/kernel:0 (768, 768) 589824
2021-04-13 13:44:26 | 	 bert/encoder/layer_7/attention/self/query/bias:0 (768,) 768
2021-04-13 13:44:26 | 	 bert/encoder/layer_7/attention/self/key/kernel:0 (768, 768) 589824
2021-04-13 13:44:26 | 	 bert/encoder/layer_7/attention/self/key/bias:0 (768,) 768
2021-04-13 13:44:26 | 	 bert/encoder/layer_7/attention/self/value/kernel:0 (768, 768) 589824
2021-04-13 13:44:26 | 	 bert/encoder/layer_7/attention/self/value/bias:0 (768,) 768
2021-04-13 13:44:26 | 	 bert/encoder/layer_7/attention/output/dense/kernel:0 (768, 768) 589824
2021-04-13 13:44:26 | 	 bert/encoder/layer_7/attention/output/dense/bias:0 (768,) 768
2021-04-13 13:44:26 | 	 bert/encoder/layer_7/attention/output/LayerNorm/beta:0 (768,) 768
2021-04-13 13:44:26 | 	 bert/encoder/layer_7/attention/output/LayerNorm/gamma:0 (768,) 768
2021-04-13 13:44:26 | 	 bert/encoder/layer_7/intermediate/dense/kernel:0 (768, 3072) 2359296
2021-04-13 13:44:26 | 	 bert/encoder/layer_7/intermediate/dense/bias:0 (3072,) 3072
2021-04-13 13:44:26 | 	 bert/encoder/layer_7/output/dense/kernel:0 (3072, 768) 2359296
2021-04-13 13:44:26 | 	 bert/encoder/layer_7/output/dense/bias:0 (768,) 768
2021-04-13 13:44:26 | 	 bert/encoder/layer_7/output/LayerNorm/beta:0 (768,) 768
2021-04-13 13:44:26 | 	 bert/encoder/layer_7/output/LayerNorm/gamma:0 (768,) 768
2021-04-13 13:44:26 | 	 bert/encoder/layer_8/attention/self/query/kernel:0 (768, 768) 589824
2021-04-13 13:44:26 | 	 bert/encoder/layer_8/attention/self/query/bias:0 (768,) 768
2021-04-13 13:44:26 | 	 bert/encoder/layer_8/attention/self/key/kernel:0 (768, 768) 589824
2021-04-13 13:44:26 | 	 bert/encoder/layer_8/attention/self/key/bias:0 (768,) 768
2021-04-13 13:44:26 | 	 bert/encoder/layer_8/attention/self/value/kernel:0 (768, 768) 589824
2021-04-13 13:44:26 | 	 bert/encoder/layer_8/attention/self/value/bias:0 (768,) 768
2021-04-13 13:44:26 | 	 bert/encoder/layer_8/attention/output/dense/kernel:0 (768, 768) 589824
2021-04-13 13:44:26 | 	 bert/encoder/layer_8/attention/output/dense/bias:0 (768,) 768
2021-04-13 13:44:26 | 	 bert/encoder/layer_8/attention/output/LayerNorm/beta:0 (768,) 768
2021-04-13 13:44:26 | 	 bert/encoder/layer_8/attention/output/LayerNorm/gamma:0 (768,) 768
2021-04-13 13:44:26 | 	 bert/encoder/layer_8/intermediate/dense/kernel:0 (768, 3072) 2359296
2021-04-13 13:44:26 | 	 bert/encoder/layer_8/intermediate/dense/bias:0 (3072,) 3072
2021-04-13 13:44:26 | 	 bert/encoder/layer_8/output/dense/kernel:0 (3072, 768) 2359296
2021-04-13 13:44:26 | 	 bert/encoder/layer_8/output/dense/bias:0 (768,) 768
2021-04-13 13:44:26 | 	 bert/encoder/layer_8/output/LayerNorm/beta:0 (768,) 768
2021-04-13 13:44:26 | 	 bert/encoder/layer_8/output/LayerNorm/gamma:0 (768,) 768
2021-04-13 13:44:26 | 	 bert/encoder/layer_9/attention/self/query/kernel:0 (768, 768) 589824
2021-04-13 13:44:26 | 	 bert/encoder/layer_9/attention/self/query/bias:0 (768,) 768
2021-04-13 13:44:26 | 	 bert/encoder/layer_9/attention/self/key/kernel:0 (768, 768) 589824
2021-04-13 13:44:26 | 	 bert/encoder/layer_9/attention/self/key/bias:0 (768,) 768
2021-04-13 13:44:26 | 	 bert/encoder/layer_9/attention/self/value/kernel:0 (768, 768) 589824
2021-04-13 13:44:26 | 	 bert/encoder/layer_9/attention/self/value/bias:0 (768,) 768
2021-04-13 13:44:26 | 	 bert/encoder/layer_9/attention/output/dense/kernel:0 (768, 768) 589824
2021-04-13 13:44:26 | 	 bert/encoder/layer_9/attention/output/dense/bias:0 (768,) 768
2021-04-13 13:44:26 | 	 bert/encoder/layer_9/attention/output/LayerNorm/beta:0 (768,) 768
2021-04-13 13:44:26 | 	 bert/encoder/layer_9/attention/output/LayerNorm/gamma:0 (768,) 768
2021-04-13 13:44:26 | 	 bert/encoder/layer_9/intermediate/dense/kernel:0 (768, 3072) 2359296
2021-04-13 13:44:26 | 	 bert/encoder/layer_9/intermediate/dense/bias:0 (3072,) 3072
2021-04-13 13:44:26 | 	 bert/encoder/layer_9/output/dense/kernel:0 (3072, 768) 2359296
2021-04-13 13:44:26 | 	 bert/encoder/layer_9/output/dense/bias:0 (768,) 768
2021-04-13 13:44:26 | 	 bert/encoder/layer_9/output/LayerNorm/beta:0 (768,) 768
2021-04-13 13:44:26 | 	 bert/encoder/layer_9/output/LayerNorm/gamma:0 (768,) 768
2021-04-13 13:44:26 | 	 bert/encoder/layer_10/attention/self/query/kernel:0 (768, 768) 589824
2021-04-13 13:44:26 | 	 bert/encoder/layer_10/attention/self/query/bias:0 (768,) 768
2021-04-13 13:44:26 | 	 bert/encoder/layer_10/attention/self/key/kernel:0 (768, 768) 589824
2021-04-13 13:44:26 | 	 bert/encoder/layer_10/attention/self/key/bias:0 (768,) 768
2021-04-13 13:44:26 | 	 bert/encoder/layer_10/attention/self/value/kernel:0 (768, 768) 589824
2021-04-13 13:44:26 | 	 bert/encoder/layer_10/attention/self/value/bias:0 (768,) 768
2021-04-13 13:44:26 | 	 bert/encoder/layer_10/attention/output/dense/kernel:0 (768, 768) 589824
2021-04-13 13:44:26 | 	 bert/encoder/layer_10/attention/output/dense/bias:0 (768,) 768
2021-04-13 13:44:26 | 	 bert/encoder/layer_10/attention/output/LayerNorm/beta:0 (768,) 768
2021-04-13 13:44:26 | 	 bert/encoder/layer_10/attention/output/LayerNorm/gamma:0 (768,) 768
2021-04-13 13:44:26 | 	 bert/encoder/layer_10/intermediate/dense/kernel:0 (768, 3072) 2359296
2021-04-13 13:44:26 | 	 bert/encoder/layer_10/intermediate/dense/bias:0 (3072,) 3072
2021-04-13 13:44:26 | 	 bert/encoder/layer_10/output/dense/kernel:0 (3072, 768) 2359296
2021-04-13 13:44:26 | 	 bert/encoder/layer_10/output/dense/bias:0 (768,) 768
2021-04-13 13:44:26 | 	 bert/encoder/layer_10/output/LayerNorm/beta:0 (768,) 768
2021-04-13 13:44:26 | 	 bert/encoder/layer_10/output/LayerNorm/gamma:0 (768,) 768
2021-04-13 13:44:26 | 	 bert/encoder/layer_11/attention/self/query/kernel:0 (768, 768) 589824
2021-04-13 13:44:26 | 	 bert/encoder/layer_11/attention/self/query/bias:0 (768,) 768
2021-04-13 13:44:26 | 	 bert/encoder/layer_11/attention/self/key/kernel:0 (768, 768) 589824
2021-04-13 13:44:26 | 	 bert/encoder/layer_11/attention/self/key/bias:0 (768,) 768
2021-04-13 13:44:26 | 	 bert/encoder/layer_11/attention/self/value/kernel:0 (768, 768) 589824
2021-04-13 13:44:26 | 	 bert/encoder/layer_11/attention/self/value/bias:0 (768,) 768
2021-04-13 13:44:26 | 	 bert/encoder/layer_11/attention/output/dense/kernel:0 (768, 768) 589824
2021-04-13 13:44:26 | 	 bert/encoder/layer_11/attention/output/dense/bias:0 (768,) 768
2021-04-13 13:44:26 | 	 bert/encoder/layer_11/attention/output/LayerNorm/beta:0 (768,) 768
2021-04-13 13:44:26 | 	 bert/encoder/layer_11/attention/output/LayerNorm/gamma:0 (768,) 768
2021-04-13 13:44:26 | 	 bert/encoder/layer_11/intermediate/dense/kernel:0 (768, 3072) 2359296
2021-04-13 13:44:26 | 	 bert/encoder/layer_11/intermediate/dense/bias:0 (3072,) 3072
2021-04-13 13:44:26 | 	 bert/encoder/layer_11/output/dense/kernel:0 (3072, 768) 2359296
2021-04-13 13:44:26 | 	 bert/encoder/layer_11/output/dense/bias:0 (768,) 768
2021-04-13 13:44:26 | 	 bert/encoder/layer_11/output/LayerNorm/beta:0 (768,) 768
2021-04-13 13:44:26 | 	 bert/encoder/layer_11/output/LayerNorm/gamma:0 (768,) 768
2021-04-13 13:44:26 | 	 bert/pooler/dense/kernel:0 (768, 768) 589824
2021-04-13 13:44:26 | 	 bert/pooler/dense/bias:0 (768,) 768
2021-04-13 13:44:26 | 	 projection/dense/kernel:0 (768, 1001) 768768
2021-04-13 13:44:26 | 	 projection/dense/bias:0 (1001,) 1001
2021-04-13 13:44:26 | 	 projection/transitions:0 (1001, 1001) 1002001
2021-04-13 13:44:26 | all params num: 104039418
2021-04-13 13:44:26 | loading bert pretrained parameters...
2021-04-13 13:44:27 | start training...
2021-04-13 13:44:33 | ###### shape of a batch #######
2021-04-13 13:44:33 | inputs_seq: (8, 70)
2021-04-13 13:44:33 | inputs_mask: (8, 70)
2021-04-13 13:44:33 | inputs_segment: (8, 70)
2021-04-13 13:44:33 | outputs_seq: (8, 70)
2021-04-13 13:44:33 | ###### preview a train sample #######
2021-04-13 13:44:33 | input_seq:[CLS] 艾 禾 美 a r m & h a m m e r 小 苏 打 冰 箱 除 味 剂 1 4 o z [SEP] [PAD] [PAD] [PAD] [PAD] [PAD] [PAD] [PAD] [PAD] [PAD] [PAD] [PAD] [PAD] [PAD] [PAD] [PAD] [PAD] [PAD] [PAD] [PAD] [PAD] [PAD] [PAD] [PAD] [PAD] [PAD] [PAD] [PAD] [PAD] [PAD] [PAD] [PAD] [PAD] [PAD] [PAD] [PAD] [PAD] [PAD] [PAD] [PAD] [PAD] [PAD] [PAD] [PAD]
2021-04-13 13:44:33 | input_mask :1 1 1 1 1 1 1 1 1 1 1 1 1 1 1 1 1 1 1 1 1 1 1 1 1 1 1 0 0 0 0 0 0 0 0 0 0 0 0 0 0 0 0 0 0 0 0 0 0 0 0 0 0 0 0 0 0 0 0 0 0 0 0 0 0 0 0 0 0 0
2021-04-13 13:44:33 | input_segment :0 0 0 0 0 0 0 0 0 0 0 0 0 0 0 0 0 0 0 0 0 0 0 0 0 0 0 0 0 0 0 0 0 0 0 0 0 0 0 0 0 0 0 0 0 0 0 0 0 0 0 0 0 0 0 0 0 0 0 0 0 0 0 0 0 0 0 0 0 0
2021-04-13 13:44:33 | output_seq: O B-品牌 I-品牌 I-品牌 B-品牌 I-品牌 I-品牌 I-品牌 I-品牌 I-品牌 I-品牌 I-品牌 I-品牌 I-品牌 O O O O O O O O O O O O O O O O O O O O O O O O O O O O O O O O O O O O O O O O O O O O O O O O O O O O O O O O
2021-04-13 13:44:33 | ###############################
